<?xml version="1.0" encoding="UTF-8"?>
<!-- Generated by org.testng.reporters.JUnitXMLReporter -->
<testsuite ignored="0" hostname="INSVHER5" failures="0" tests="9" name="Default test" time="36.03" errors="0" timestamp="2022-05-09T13:22:55 IST">
  <testcase classname="com.drivingschool.DrivingSchoolTestStudent" name="launchDrivingSchool" time="7.15"/>
  <testcase classname="com.drivingschool.DrivingSchoolTestStudent" name="clicklogin" time="0.222"/>
  <testcase classname="com.drivingschool.DrivingSchoolTestStudent" name="registerstudent" time="6.108"/>
  <testcase classname="com.drivingschool.DrivingSchoolTestStudent" name="login" time="5.614"/>
  <testcase classname="com.drivingschool.DrivingSchoolTestStudent" name="choosepackage" time="0.139"/>
  <testcase classname="com.drivingschool.DrivingSchoolTestStudent" name="choosepackagelocation" time="5.462"/>
  <testcase classname="com.drivingschool.DrivingSchoolTestStudent" name="changepwd" time="5.533"/>
  <testcase classname="com.drivingschool.DrivingSchoolTestStudent" name="loginagain" time="5.545"/>
  <testcase classname="com.drivingschool.DrivingSchoolTestStudent" name="logout" time="0.132"/>
</testsuite> <!-- Default test -->
